[10:10:53] [ServerMain/INFO]: [bootstrap] Running Java 21 (OpenJDK 64-Bit Server VM 21.0.5+11-Ubuntu-1ubuntu120.04; Ubuntu null) on Linux 6.5.0-1025-azure (amd64)
[10:10:53] [ServerMain/INFO]: [bootstrap] Loading Paper 1.21.1-57-master@b483da4 (2024-09-01T18:09:05Z) for Minecraft 1.21.1
[10:10:53] [ServerMain/INFO]: [PluginInitializerManager] Initializing plugins...
[10:10:53] [ServerMain/INFO]: [PluginInitializerManager] Initialized 4 plugins
[10:10:53] [ServerMain/INFO]: [PluginInitializerManager] Bukkit plugins (4):
 - Geyser-Spigot (2.6.0-SNAPSHOT), SkinsRestorer (15.5.0), ViaVersion (5.2.0), floodgate (2.2.3-SNAPSHOT (b114-83fbd6e))
[10:10:57] [ServerMain/INFO]: Environment: Environment[sessionHost=https://sessionserver.mojang.com, servicesHost=https://api.minecraftservices.com, name=PROD]
[10:10:59] [ServerMain/INFO]: Loaded 1290 recipes
[10:10:59] [ServerMain/INFO]: Loaded 1399 advancements
[10:10:59] [Server thread/INFO]: Starting minecraft server version 1.21.1
[10:10:59] [Server thread/INFO]: Loading properties
[10:10:59] [Server thread/INFO]: This server is running Paper version 1.21.1-57-master@b483da4 (2024-09-01T18:09:05Z) (Implementing API version 1.21.1-R0.1-SNAPSHOT)
[10:11:00] [Server thread/INFO]: [spark] This server bundles the spark profiler. For more information please visit https://docs.papermc.io/paper/profiling
[10:11:00] [Server thread/INFO]: Server Ping Player Sample Count: 12
[10:11:00] [Server thread/INFO]: Using 4 threads for Netty based IO
[10:11:01] [Server thread/INFO]: [ChunkTaskScheduler] Chunk system is using 1 I/O threads, 1 worker threads, and population gen parallelism of 1 threads
[10:11:01] [Server thread/INFO]: Default game type: SURVIVAL
[10:11:01] [Server thread/INFO]: Generating keypair
[10:11:01] [Server thread/INFO]: Starting Minecraft server on *:25565
[10:11:01] [Server thread/INFO]: Using epoll channel type
[10:11:01] [Server thread/INFO]: Paper: Using libdeflate (Linux x86_64) compression from Velocity.
[10:11:01] [Server thread/INFO]: Paper: Using OpenSSL 1.1.x (Linux x86_64) cipher from Velocity.
[10:11:02] [Server thread/INFO]: [floodgate] Loading server plugin floodgate v2.2.3-SNAPSHOT (b114-83fbd6e)
[10:11:05] [Server thread/WARN]: [floodgate] en_ is not a supported Floodgate language.
[10:11:05] [Server thread/INFO]: [floodgate] Took 3,084ms to boot Floodgate
[10:11:05] [Server thread/INFO]: [ViaVersion] Loading server plugin ViaVersion v5.2.0
[10:11:05] [Server thread/INFO]: [ViaVersion] ViaVersion 5.2.0 is now loaded. Registering protocol transformers and injecting...
[10:11:06] [Via-Mappingloader-0/INFO]: [ViaVersion] Loading block connection mappings ...
[10:11:06] [Via-Mappingloader-0/INFO]: [ViaVersion] Using FastUtil Long2ObjectOpenHashMap for block connections
[10:11:07] [Server thread/INFO]: [Geyser-Spigot] Loading server plugin Geyser-Spigot v2.6.0-SNAPSHOT
[10:11:09] [Server thread/INFO]: [Geyser-Spigot] Loading extensions...
[10:11:09] [Server thread/INFO]: [Geyser-Spigot] Loaded 0 extension(s)
[10:11:09] [Server thread/INFO]: [SkinsRestorer] Loading server plugin SkinsRestorer v15.5.0
[10:11:09] [Server thread/INFO]: Server permissions file permissions.yml is empty, ignoring it
[10:11:09] [Server thread/INFO]: [SkinsRestorer] Enabling SkinsRestorer v15.5.0
[10:11:10] [Server thread/WARN]: [SkinsRestorer] You must agree to the rules at 'commands.perSkinPermissionsConsent' in the config to use per skin permissions.
[10:11:11] [Server thread/INFO]: [SkinsRestorer] Running on Minecraft 1.21.1.
[10:11:11] [Server thread/INFO]: [SkinsRestorer] Floodgate skin listener registered
[10:11:11] [Server thread/INFO]: [SkinsRestorer] Using paper join listener!
[10:11:11] [Server thread/WARN]: **** SERVER IS RUNNING IN OFFLINE/INSECURE MODE!
[10:11:11] [Server thread/WARN]: The server will make no attempt to authenticate usernames. Beware.
[10:11:11] [Server thread/WARN]: While this makes the game possible to play without internet access, it also opens up the ability for hackers to connect with any username they choose.
[10:11:11] [Server thread/WARN]: To change this, set "online-mode" to "true" in the server.properties file.
[10:11:11] [Server thread/INFO]: Preparing level "world"
[10:11:12] [Folia Async Scheduler Thread #1/INFO]: [SkinsRestorer] ----------------------------------------------
[10:11:12] [Folia Async Scheduler Thread #1/INFO]: [SkinsRestorer]     +==================+
[10:11:12] [Folia Async Scheduler Thread #1/INFO]: [SkinsRestorer]     |   SkinsRestorer  |
[10:11:12] [Folia Async Scheduler Thread #1/INFO]: [SkinsRestorer]     |------------------|
[10:11:12] [Folia Async Scheduler Thread #1/INFO]: [SkinsRestorer]     |  Standalone Mode |
[10:11:12] [Folia Async Scheduler Thread #1/INFO]: [SkinsRestorer]     +==================+
[10:11:12] [Folia Async Scheduler Thread #1/INFO]: [SkinsRestorer] ----------------------------------------------
[10:11:12] [Folia Async Scheduler Thread #1/INFO]: [SkinsRestorer]     Version: 15.5.0
[10:11:12] [Folia Async Scheduler Thread #1/INFO]: [SkinsRestorer]     Commit: ad418e4
[10:11:12] [Folia Async Scheduler Thread #1/INFO]: [SkinsRestorer]     This is the latest version!
[10:11:12] [Folia Async Scheduler Thread #1/INFO]: [SkinsRestorer] ----------------------------------------------
[10:11:12] [Folia Async Scheduler Thread #1/INFO]: [SkinsRestorer] Do you have issues? Read our troubleshooting guide: https://skinsrestorer.net/docs/troubleshooting
[10:11:12] [Folia Async Scheduler Thread #1/INFO]: [SkinsRestorer] Want to support SkinsRestorer? Consider donating: https://skinsrestorer.net/donate
[10:11:12] [Server thread/INFO]: Preparing start region for dimension minecraft:overworld
[10:11:13] [Server thread/INFO]: Time elapsed: 1105 ms
[10:11:13] [Server thread/INFO]: Preparing start region for dimension minecraft:the_nether
[10:11:13] [Server thread/INFO]: Time elapsed: 247 ms
[10:11:13] [Server thread/INFO]: Preparing start region for dimension minecraft:the_end
[10:11:13] [Server thread/INFO]: Time elapsed: 114 ms
[10:11:13] [Server thread/INFO]: [floodgate] Enabling floodgate v2.2.3-SNAPSHOT (b114-83fbd6e)
[10:11:14] [Server thread/INFO]: [ViaVersion] Enabling ViaVersion v5.2.0
[10:11:14] [Server thread/INFO]: [ViaVersion] ViaVersion detected server version: 1.21-1.21.1 (767)
[10:11:14] [Server thread/INFO]: [Geyser-Spigot] Enabling Geyser-Spigot v2.6.0-SNAPSHOT
[10:11:15] [Server thread/INFO]: [spark] Starting background profiler...
[10:11:15] [Server thread/INFO]: [Geyser-Spigot] ******************************************
[10:11:15] [Server thread/INFO]: [Geyser-Spigot] 
[10:11:15] [Server thread/INFO]: [Geyser-Spigot] Loading Geyser version 2.6.0-b733 (git-master-a5c77a7)
[10:11:15] [Server thread/INFO]: [Geyser-Spigot] 
[10:11:15] [Server thread/INFO]: [Geyser-Spigot] ******************************************
[10:11:22] [epollEventLoopGroup-3-1/INFO]: [Geyser-Spigot] Started Geyser on UDP port 2449
[10:11:22] [Server thread/INFO]: [Geyser-Spigot] Done (7.199s)! Run /geyser help for help!
[10:11:23] [Server thread/INFO]: Done preparing level "world" (11.244s)
[10:11:23] [Server thread/INFO]: Running delayed init tasks
[10:11:23] [Server thread/INFO]: Done (30.956s)! For help, type "help"
[10:11:23] [Craft Scheduler Thread - 2 - ViaVersion/INFO]: [ViaVersion] Finished mapping loading, shutting down loader executor.
[10:11:23] [Server thread/INFO]: Timings Reset
[10:12:53] [User Authenticator #0/INFO]: UUID of player POLLITO_CALDERA is 8fa365b4-0c41-3b78-a428-b8a3d110be81
[10:12:55] [Server thread/INFO]: POLLITO_CALDERA joined the game
[10:12:55] [Server thread/INFO]: POLLITO_CALDERA[/127.21.145.17:43985] logged in with entity id 61 at ([world]15.877626940969337, 86.0, -34.918775069482955)
[10:14:24] [Server thread/INFO]: POLLITO_CALDERA was slain by Zombie
[10:16:51] [User Authenticator #1/INFO]: UUID of player sluisr_ is aa000241-177e-3531-adfb-c3d4f8552ad2
[10:16:57] [Server thread/INFO]: sluisr_ joined the game
[10:16:57] [Server thread/INFO]: sluisr_[/127.21.145.17:36153] logged in with entity id 492 at ([world]63.63854192101279, 93.0, -34.1865571408444)
[10:18:18] [Server thread/INFO]: POLLITO_CALDERA lost connection: Disconnected
[10:18:18] [Server thread/INFO]: POLLITO_CALDERA left the game
[10:18:23] [User Authenticator #2/INFO]: UUID of player POLLITO_CALDERA is 8fa365b4-0c41-3b78-a428-b8a3d110be81
[10:18:24] [Server thread/INFO]: POLLITO_CALDERA joined the game
[10:18:24] [Server thread/INFO]: POLLITO_CALDERA[/127.21.145.17:41683] logged in with entity id 671 at ([world]1.007734989969791, 96.0, -4.39479223495771)
[10:19:44] [epollEventLoopGroup-4-1/INFO]: [Geyser-Spigot] Player connected with username Kevin358mc
[10:19:44] [localSession-7-2/INFO]: [Geyser-Spigot] Kevin358mc (logged in as: Kevin358mc) has connected to the Java server
[10:19:44] [Server thread/INFO]: [floodgate] Floodgate player logged in as .Kevin358mc joined (UUID: 00000000-0000-0000-0009-01fb5a088ea7)
[10:19:44] [Server thread/INFO]: .Kevin358mc joined the game
[10:19:44] [Server thread/INFO]: .Kevin358mc[/127.0.0.1:0] logged in with entity id 762 at ([world]65.69999, 94.0, -39.73945)
[10:26:07] [Server thread/INFO]: .Kevin358mc issued server command: /skins dreeam
[10:26:22] [Server thread/INFO]: sluisr_ was slain by POLLITO_CALDERA
[10:26:22] [Server thread/INFO]: .Kevin358mc issued server command: /skins dream
[10:26:53] [Server thread/INFO]: POLLITO_CALDERA fell from a high place
[10:34:57] [Server thread/INFO]: sluisr_ has made the advancement [Acquire Hardware]
[10:36:26] [Server thread/INFO]: sluisr_ has made the advancement [Monster Hunter]
[10:37:09] [Server thread/INFO]: sluisr_ has made the advancement [Isn't It Iron Pick]
[10:38:17] [Server thread/INFO]: sluisr_ issued server command: /skin
[10:38:41] [Server thread/INFO]: POLLITO_CALDERA was shot by Skeleton
[10:39:19] [Server thread/INFO]: sluisr_ has made the advancement [Not Today, Thank You]
[10:42:18] [Server thread/INFO]: sluisr_ issued server command: /skin
[10:44:07] [Server thread/INFO]: POLLITO_CALDERA issued server command: /skin url https://minesk.in/0f9cfebc834a47d8ac56b958abfa41cc
[10:44:15] [Server thread/INFO]: POLLITO_CALDERA issued server command: /skin
[10:44:39] [Server thread/INFO]: POLLITO_CALDERA issued server command: /skin url "https://minesk.in/0f9cfebc834a47d8ac56b958abfa41cc"
[10:44:39] [ForkJoinPool.commonPool-worker-20/WARN]: java.lang.IllegalArgumentException: Unknown standard bukkit form: ENTITY_GOAT_SCREAMING_HORN_BREAK named ENTITY_GOAT_SCREAMING_HORN_BREAK
[10:44:39] [ForkJoinPool.commonPool-worker-20/WARN]: 	at SkinsRestorer.jar//net.skinsrestorer.shadow.xseries.base.XRegistry.std(XRegistry.java:302)
[10:44:39] [ForkJoinPool.commonPool-worker-20/WARN]: 	at SkinsRestorer.jar//net.skinsrestorer.shadow.xseries.base.XRegistry.std(XRegistry.java:288)
[10:44:39] [ForkJoinPool.commonPool-worker-20/WARN]: 	at SkinsRestorer.jar//net.skinsrestorer.shadow.xseries.base.XRegistry.pullSystemValues(XRegistry.java:123)
[10:44:39] [ForkJoinPool.commonPool-worker-20/WARN]: 	at SkinsRestorer.jar//net.skinsrestorer.shadow.xseries.base.XRegistry.pullValues(XRegistry.java:86)
[10:44:39] [ForkJoinPool.commonPool-worker-20/WARN]: 	at SkinsRestorer.jar//net.skinsrestorer.shadow.xseries.base.XRegistry.getByName(XRegistry.java:219)
[10:44:39] [ForkJoinPool.commonPool-worker-20/WARN]: 	at SkinsRestorer.jar//net.skinsrestorer.shadow.xseries.XSound.matchXSound(XSound.java:1802)
[10:44:39] [ForkJoinPool.commonPool-worker-20/WARN]: 	at SkinsRestorer.jar//net.skinsrestorer.bukkit.utils.SoundUtil.playSound(SoundUtil.java:51)
[10:44:39] [ForkJoinPool.commonPool-worker-20/WARN]: 	at SkinsRestorer.jar//net.skinsrestorer.bukkit.utils.BukkitSoundProvider.accept(BukkitSoundProvider.java:27)
[10:44:39] [ForkJoinPool.commonPool-worker-20/WARN]: 	at SkinsRestorer.jar//net.skinsrestorer.bukkit.utils.BukkitSoundProvider.accept(BukkitSoundProvider.java:24)
[10:44:39] [ForkJoinPool.commonPool-worker-20/WARN]: 	at SkinsRestorer.jar//net.skinsrestorer.shared.api.SharedSkinApplier.lambda$applySkin$1(SharedSkinApplier.java:66)
[10:44:39] [ForkJoinPool.commonPool-worker-20/WARN]: 	at java.base/java.util.Optional.ifPresent(Optional.java:178)
[10:44:39] [ForkJoinPool.commonPool-worker-20/WARN]: 	at SkinsRestorer.jar//net.skinsrestorer.shared.api.SharedSkinApplier.applySkin(SharedSkinApplier.java:66)
[10:44:39] [ForkJoinPool.commonPool-worker-20/WARN]: 	at SkinsRestorer.jar//net.skinsrestorer.shared.commands.SkinCommand.lambda$setSkin$6(SkinCommand.java:523)
[10:44:39] [ForkJoinPool.commonPool-worker-20/WARN]: 	at java.base/java.util.Optional.ifPresent(Optional.java:178)
[10:44:39] [ForkJoinPool.commonPool-worker-20/WARN]: 	at SkinsRestorer.jar//net.skinsrestorer.shared.commands.SkinCommand.setSkin(SkinCommand.java:523)
[10:44:39] [ForkJoinPool.commonPool-worker-20/WARN]: 	at SkinsRestorer.jar//net.skinsrestorer.shared.commands.SkinCommand.onSkinSetOther(SkinCommand.java:299)
[10:44:39] [ForkJoinPool.commonPool-worker-20/WARN]: 	at SkinsRestorer.jar//net.skinsrestorer.shared.commands.SkinCommand.onSkinSetUrl(SkinCommand.java:324)
[10:44:39] [ForkJoinPool.commonPool-worker-20/WARN]: 	at java.base/java.lang.invoke.MethodHandle.invokeWithArguments(MethodHandle.java:733)
[10:44:39] [ForkJoinPool.commonPool-worker-20/WARN]: 	at java.base/java.lang.invoke.MethodHandle.invokeWithArguments(MethodHandle.java:758)
[10:44:39] [ForkJoinPool.commonPool-worker-20/WARN]: 	at SkinsRestorer.jar//net.skinsrestorer.shadow.cloud.annotations.MethodCommandExecutionHandler.executeFuture(MethodCommandExecutionHandler.java:88)
[10:44:39] [ForkJoinPool.commonPool-worker-20/WARN]: 	at SkinsRestorer.jar//net.skinsrestorer.shadow.cloud.execution.ExecutionCoordinatorImpl.lambda$coordinateExecution$4(ExecutionCoordinatorImpl.java:121)
[10:44:39] [ForkJoinPool.commonPool-worker-20/WARN]: 	at java.base/java.util.concurrent.CompletableFuture$UniCompose.tryFire(CompletableFuture.java:1150)
[10:44:39] [ForkJoinPool.commonPool-worker-20/WARN]: 	at java.base/java.util.concurrent.CompletableFuture$Completion.exec(CompletableFuture.java:483)
[10:44:39] [ForkJoinPool.commonPool-worker-20/WARN]: 	at java.base/java.util.concurrent.ForkJoinTask.doExec(ForkJoinTask.java:387)
[10:44:39] [ForkJoinPool.commonPool-worker-20/WARN]: 	at java.base/java.util.concurrent.ForkJoinPool$WorkQueue.topLevelExec(ForkJoinPool.java:1312)
[10:44:39] [ForkJoinPool.commonPool-worker-20/WARN]: 	at java.base/java.util.concurrent.ForkJoinPool.scan(ForkJoinPool.java:1843)
[10:44:39] [ForkJoinPool.commonPool-worker-20/WARN]: 	at java.base/java.util.concurrent.ForkJoinPool.runWorker(ForkJoinPool.java:1808)
[10:44:39] [ForkJoinPool.commonPool-worker-20/WARN]: 	at java.base/java.util.concurrent.ForkJoinWorkerThread.run(ForkJoinWorkerThread.java:188)
[10:46:54] [Server thread/INFO]: sluisr_ tried to swim in lava
[10:47:12] [Server thread/INFO]: POLLITO_CALDERA has made the advancement [Getting an Upgrade]
[10:54:49] [Server thread/INFO]: .Kevin358mc has made the advancement [Sweet Dreams]
[10:55:10] [Server thread/INFO]: sluisr_ has made the advancement [Sweet Dreams]
[10:56:25] [localSession-7-2/INFO]: [Geyser-Spigot] Kevin358mc has disconnected from the Java server because of Bedrock client disconnected
[10:56:25] [Geyser Spigot connection thread-6-3/INFO]: [floodgate] Floodgate player logged in as .Kevin358mc disconnected
[10:56:25] [Server thread/INFO]: .Kevin358mc lost connection: Disconnected
[10:56:25] [Server thread/INFO]: .Kevin358mc left the game
[10:57:27] [Server thread/INFO]: POLLITO_CALDERA has made the advancement [Sweet Dreams]
[10:59:26] [Server thread/INFO]: sluisr_ was slain by POLLITO_CALDERA
[11:00:17] [Server thread/INFO]: sluisr_ was blown up by Creeper
[11:00:35] [epollEventLoopGroup-4-2/INFO]: [Geyser-Spigot] Player connected with username Kevin358mc
[11:00:35] [localSession-7-3/INFO]: [Geyser-Spigot] Kevin358mc (logged in as: Kevin358mc) has connected to the Java server
[11:00:36] [Server thread/INFO]: [floodgate] Floodgate player logged in as .Kevin358mc joined (UUID: 00000000-0000-0000-0009-01fb5a088ea7)
[11:00:36] [Server thread/INFO]: .Kevin358mc joined the game
[11:00:36] [Server thread/INFO]: .Kevin358mc[/127.0.0.1:0] logged in with entity id 9133 at ([world]67.5, 101.0, -39.5)
[11:01:10] [Server thread/INFO]: POLLITO_CALDERA was shot by Skeleton
